src/app/components/EditOrderModal.tsx(501,73): error TS2367: This comparison appears to be unintentional because the types 'PaymentStatus' and '"unpaid"' have no overlap.
src/app/components/EditOrderModal.tsx(510,54): error TS2367: This comparison appears to be unintentional because the types 'PaymentStatus' and '"unpaid"' have no overlap.
src/app/components/EditOrderModal.tsx(537,97): error TS2367: This comparison appears to be unintentional because the types 'PaymentStatus' and '"paid"' have no overlap.
src/app/components/EditOrderModal.tsx(537,134): error TS2367: This comparison appears to be unintentional because the types 'PaymentStatus' and '"partial"' have no overlap.
src/app/components/ProcessClaimModal.tsx(42,25): error TS2367: This comparison appears to be unintentional because the types 'PaymentStatus | undefined' and '"paid"' have no overlap.
src/app/components/ui/sidebar.tsx(546,29): error TS7006: Parameter 'open' implicitly has an 'any' type.
src/app/pages/CalendarView.tsx(365,93): error TS2367: This comparison appears to be unintentional because the types 'PaymentStatus' and '"paid"' have no overlap.
src/app/pages/CalendarView.tsx(635,20): error TS2367: This comparison appears to be unintentional because the types 'PaymentStatus' and '"unpaid"' have no overlap.
src/app/pages/CalendarView.tsx(645,70): error TS2367: This comparison appears to be unintentional because the types 'PaymentStatus' and '"paid"' have no overlap.
src/app/pages/CalendarView.tsx(646,23): error TS2367: This comparison appears to be unintentional because the types 'PaymentStatus' and '"partial"' have no overlap.
src/app/pages/CalendarView.tsx(651,95): error TS2367: This comparison appears to be unintentional because the types 'PaymentStatus' and '"paid"' have no overlap.
src/app/pages/CalendarView.tsx(651,137): error TS2367: This comparison appears to be unintentional because the types 'PaymentStatus' and '"partial"' have no overlap.
src/app/pages/CalendarView.tsx(657,20): error TS2367: This comparison appears to be unintentional because the types 'PaymentStatus' and '"unpaid"' have no overlap.
src/app/pages/CalendarView.tsx(669,21): error TS2367: This comparison appears to be unintentional because the types 'PaymentStatus' and '"unpaid"' have no overlap.
src/app/pages/CalendarView.tsx(669,65): error TS2367: This comparison appears to be unintentional because the types 'PaymentStatus' and '"partial"' have no overlap.
src/app/pages/ClaimMonitoring.tsx(66,48): error TS2367: This comparison appears to be unintentional because the types 'PaymentStatus' and '"paid"' have no overlap.
src/app/pages/ClaimMonitoring.tsx(209,77): error TS2367: This comparison appears to be unintentional because the types 'PaymentStatus' and '"paid"' have no overlap.
src/app/pages/Dashboard.tsx(128,11): error TS2367: This comparison appears to be unintentional because the types 'PaymentStatus' and '"paid"' have no overlap.
src/app/pages/Dashboard.tsx(1178,55): error TS2367: This comparison appears to be unintentional because the types 'PaymentStatus' and '"unpaid"' have no overlap.
src/app/pages/Dashboard.tsx(1188,74): error TS2367: This comparison appears to be unintentional because the types 'PaymentStatus' and '"paid"' have no overlap.
src/app/pages/Dashboard.tsx(1189,27): error TS2367: This comparison appears to be unintentional because the types 'PaymentStatus' and '"partial"' have no overlap.
src/app/pages/Dashboard.tsx(1194,99): error TS2367: This comparison appears to be unintentional because the types 'PaymentStatus' and '"paid"' have no overlap.
src/app/pages/Dashboard.tsx(1194,141): error TS2367: This comparison appears to be unintentional because the types 'PaymentStatus' and '"partial"' have no overlap.
src/app/pages/Dashboard.tsx(1200,24): error TS2367: This comparison appears to be unintentional because the types 'PaymentStatus' and '"unpaid"' have no overlap.
src/app/pages/Dashboard.tsx(1212,25): error TS2367: This comparison appears to be unintentional because the types 'PaymentStatus' and '"unpaid"' have no overlap.
src/app/pages/Dashboard.tsx(1212,69): error TS2367: This comparison appears to be unintentional because the types 'PaymentStatus' and '"partial"' have no overlap.
src/app/pages/Dashboard.tsx(1275,31): error TS2345: Argument of type '{ claimedBy: string; paymentMethod?: PaymentMethod | undefined; amountReceived?: number | undefined; change?: number | undefined; paymentStatus: "paid"; status: "claimed"; actualCompletionDate: Date; updatedAt: Date; referenceNo?: string | undefined; }' is not assignable to parameter of type 'Partial<JobOrder>'.
  Types of property 'paymentStatus' are incompatible.
    Type '"paid"' is not assignable to type 'PaymentStatus | undefined'.
src/app/pages/JobOrders.tsx(245,87): error TS2367: This comparison appears to be unintentional because the types 'PaymentStatus' and '"paid"' have no overlap.
src/app/pages/JobOrders.tsx(246,53): error TS2367: This comparison appears to be unintentional because the types 'PaymentStatus' and '"partial"' have no overlap.
src/app/pages/JobOrders.tsx(591,69): error TS2367: This comparison appears to be unintentional because the types 'PaymentStatus' and '"unpaid"' have no overlap.
src/app/pages/JobOrders.tsx(601,90): error TS2367: This comparison appears to be unintentional because the types 'PaymentStatus' and '"paid"' have no overlap.
src/app/pages/JobOrders.tsx(602,45): error TS2367: This comparison appears to be unintentional because the types 'PaymentStatus' and '"partial"' have no overlap.
src/app/pages/JobOrders.tsx(607,113): error TS2367: This comparison appears to be unintentional because the types 'PaymentStatus' and '"paid"' have no overlap.
src/app/pages/JobOrders.tsx(607,155): error TS2367: This comparison appears to be unintentional because the types 'PaymentStatus' and '"partial"' have no overlap.
src/app/pages/JobOrders.tsx(613,38): error TS2367: This comparison appears to be unintentional because the types 'PaymentStatus' and '"unpaid"' have no overlap.
src/app/pages/JobOrders.tsx(625,39): error TS2367: This comparison appears to be unintentional because the types 'PaymentStatus' and '"unpaid"' have no overlap.
src/app/pages/JobOrders.tsx(625,83): error TS2367: This comparison appears to be unintentional because the types 'PaymentStatus' and '"partial"' have no overlap.
src/app/pages/Reports.tsx(66,61): error TS2367: This comparison appears to be unintentional because the types 'PaymentStatus' and '"paid"' have no overlap.
src/app/pages/TotalOrders.tsx(163,62): error TS2367: This comparison appears to be unintentional because the types 'PaymentStatus' and '"paid"' have no overlap.
src/app/pages/TotalOrders.tsx(164,64): error TS2367: This comparison appears to be unintentional because the types 'PaymentStatus' and '"paid"' have no overlap.
src/app/pages/TotalSales.tsx(109,42): error TS2367: This comparison appears to be unintentional because the types 'PaymentStatus' and '"paid"' have no overlap.
